[     402ms] [ERROR] Failed to load resource: the server responded with a status of 404 (File not found) @ http://localhost:8741/Images/2025-2026%20Photos/Normal/1.png:0
[     405ms] [ERROR] Failed to load resource: the server responded with a status of 404 (File not found) @ http://localhost:8741/Images/2025-2026%20Photos/Normal/1.jpeg:0
[     405ms] [ERROR] Failed to load resource: the server responded with a status of 404 (File not found) @ http://localhost:8741/Images/2025-2026%20Photos/Normal/1.webp:0
[     406ms] [ERROR] Failed to load resource: the server responded with a status of 404 (File not found) @ http://localhost:8741/Images/2025-2026%20Photos/Normal/2.jpg:0
[     412ms] [ERROR] Failed to load resource: the server responded with a status of 404 (File not found) @ http://localhost:8741/Images/2025-2026%20Photos/Normal/2.jpeg:0
[     412ms] [ERROR] Failed to load resource: the server responded with a status of 404 (File not found) @ http://localhost:8741/Images/2025-2026%20Photos/Normal/2.webp:0
[     413ms] [ERROR] Failed to load resource: the server responded with a status of 404 (File not found) @ http://localhost:8741/Images/2025-2026%20Photos/Normal/3.jpg:0
[     413ms] [ERROR] Failed to load resource: the server responded with a status of 404 (File not found) @ http://localhost:8741/Images/2025-2026%20Photos/Normal/3.png:0
[     417ms] [ERROR] Failed to load resource: the server responded with a status of 404 (File not found) @ http://localhost:8741/Images/2025-2026%20Photos/Normal/3.webp:0
[     417ms] [ERROR] Failed to load resource: the server responded with a status of 404 (File not found) @ http://localhost:8741/Images/2025-2026%20Photos/Normal/4.png:0
[     420ms] [ERROR] Failed to load resource: the server responded with a status of 404 (File not found) @ http://localhost:8741/Images/2025-2026%20Photos/Normal/4.jpeg:0
[     422ms] [ERROR] Failed to load resource: the server responded with a status of 404 (File not found) @ http://localhost:8741/Images/2025-2026%20Photos/Normal/4.webp:0
[     430ms] [ERROR] Failed to load resource: the server responded with a status of 404 (File not found) @ http://localhost:8741/Images/2025-2026%20Photos/Normal/5.png:0
[     431ms] [ERROR] Failed to load resource: the server responded with a status of 404 (File not found) @ http://localhost:8741/Images/2025-2026%20Photos/Normal/5.jpeg:0
[     431ms] [ERROR] Failed to load resource: the server responded with a status of 404 (File not found) @ http://localhost:8741/Images/2025-2026%20Photos/Normal/5.webp:0
[     434ms] [ERROR] Failed to load resource: the server responded with a status of 404 (File not found) @ http://localhost:8741/Images/2025-2026%20Photos/Normal/6.png:0
[     439ms] [ERROR] Failed to load resource: the server responded with a status of 404 (File not found) @ http://localhost:8741/Images/2025-2026%20Photos/Normal/6.jpeg:0
[     442ms] [ERROR] Failed to load resource: the server responded with a status of 404 (File not found) @ http://localhost:8741/Images/2025-2026%20Photos/Normal/6.webp:0
[     455ms] [ERROR] Failed to load resource: the server responded with a status of 404 (File not found) @ http://localhost:8741/Images/2025-2026%20Photos/Normal/7.png:0
[     455ms] [ERROR] Failed to load resource: the server responded with a status of 404 (File not found) @ http://localhost:8741/Images/2025-2026%20Photos/Normal/7.jpeg:0
[     464ms] [ERROR] Failed to load resource: the server responded with a status of 404 (File not found) @ http://localhost:8741/Images/2025-2026%20Photos/Normal/7.webp:0
[     477ms] [ERROR] Failed to load resource: the server responded with a status of 404 (File not found) @ http://localhost:8741/Images/2025-2026%20Photos/Normal/8.png:0
[     478ms] [ERROR] Failed to load resource: the server responded with a status of 404 (File not found) @ http://localhost:8741/Images/2025-2026%20Photos/Normal/8.jpeg:0
[     485ms] [ERROR] Failed to load resource: the server responded with a status of 404 (File not found) @ http://localhost:8741/Images/2025-2026%20Photos/Normal/8.webp:0
[     500ms] [ERROR] Failed to load resource: the server responded with a status of 404 (File not found) @ http://localhost:8741/Images/2025-2026%20Photos/Competition/1.png:0
[     519ms] [ERROR] Failed to load resource: the server responded with a status of 404 (File not found) @ http://localhost:8741/Images/2025-2026%20Photos/Competition/1.jpeg:0
[     519ms] [ERROR] Failed to load resource: the server responded with a status of 404 (File not found) @ http://localhost:8741/Images/2025-2026%20Photos/Competition/1.webp:0
[     524ms] [ERROR] Failed to load resource: the server responded with a status of 404 (File not found) @ http://localhost:8741/Images/2025-2026%20Photos/Competition/2.png:0
[     525ms] [ERROR] Failed to load resource: the server responded with a status of 404 (File not found) @ http://localhost:8741/Images/2025-2026%20Photos/Competition/2.jpeg:0
[     540ms] [ERROR] Failed to load resource: the server responded with a status of 404 (File not found) @ http://localhost:8741/Images/2025-2026%20Photos/Competition/2.webp:0
[     549ms] [ERROR] Failed to load resource: the server responded with a status of 404 (File not found) @ http://localhost:8741/Images/2025-2026%20Photos/Competition/3.png:0
[     576ms] [ERROR] Failed to load resource: the server responded with a status of 404 (File not found) @ http://localhost:8741/Images/2025-2026%20Photos/Competition/3.jpeg:0
[     577ms] [ERROR] Failed to load resource: the server responded with a status of 404 (File not found) @ http://localhost:8741/Images/2025-2026%20Photos/Competition/3.webp:0
[     578ms] [ERROR] Failed to load resource: the server responded with a status of 404 (File not found) @ http://localhost:8741/Images/2025-2026%20Photos/Competition/4.png:0
[     578ms] [ERROR] Failed to load resource: the server responded with a status of 404 (File not found) @ http://localhost:8741/Images/2025-2026%20Photos/Competition/4.jpeg:0
[     590ms] [ERROR] Failed to load resource: the server responded with a status of 404 (File not found) @ http://localhost:8741/Images/2025-2026%20Photos/Competition/4.webp:0
[     591ms] [ERROR] Failed to load resource: the server responded with a status of 404 (File not found) @ http://localhost:8741/Images/2025-2026%20Photos/Competition/5.png:0
[     595ms] [ERROR] Failed to load resource: the server responded with a status of 404 (File not found) @ http://localhost:8741/Images/2025-2026%20Photos/Competition/5.jpeg:0
[     595ms] [ERROR] Failed to load resource: the server responded with a status of 404 (File not found) @ http://localhost:8741/Images/2025-2026%20Photos/Competition/5.webp:0
[     609ms] [ERROR] Failed to load resource: the server responded with a status of 404 (File not found) @ http://localhost:8741/Images/2025-2026%20Photos/Competition/6.png:0
[     614ms] [ERROR] Failed to load resource: the server responded with a status of 404 (File not found) @ http://localhost:8741/Images/2025-2026%20Photos/Competition/6.jpeg:0
[     626ms] [ERROR] Failed to load resource: the server responded with a status of 404 (File not found) @ http://localhost:8741/Images/2025-2026%20Photos/Competition/6.webp:0
[     632ms] [ERROR] Failed to load resource: the server responded with a status of 404 (File not found) @ http://localhost:8741/Images/2025-2026%20Photos/Competition/7.png:0
[     640ms] [ERROR] Failed to load resource: the server responded with a status of 404 (File not found) @ http://localhost:8741/Images/2025-2026%20Photos/Competition/7.jpeg:0
[     653ms] [ERROR] Failed to load resource: the server responded with a status of 404 (File not found) @ http://localhost:8741/Images/2025-2026%20Photos/Competition/7.webp:0
[     664ms] [ERROR] Failed to load resource: the server responded with a status of 404 (File not found) @ http://localhost:8741/Images/2025-2026%20Photos/Competition/8.png:0
[     665ms] [ERROR] Failed to load resource: the server responded with a status of 404 (File not found) @ http://localhost:8741/Images/2025-2026%20Photos/Competition/8.jpeg:0
[     675ms] [ERROR] Failed to load resource: the server responded with a status of 404 (File not found) @ http://localhost:8741/Images/2025-2026%20Photos/Competition/8.webp:0
[     703ms] [ERROR] Failed to load resource: the server responded with a status of 404 (File not found) @ http://localhost:8741/Images/2025-2026%20Photos/Competition/9.png:0
[     703ms] [ERROR] Failed to load resource: the server responded with a status of 404 (File not found) @ http://localhost:8741/Images/2025-2026%20Photos/Competition/9.jpeg:0
[     704ms] [ERROR] Failed to load resource: the server responded with a status of 404 (File not found) @ http://localhost:8741/Images/2025-2026%20Photos/Competition/9.webp:0
